Compiling build :dev to "resources/public/js/compiled/frontend.js" from ["src"]...
[32mSuccessfully compiled build :dev to "resources/public/js/compiled/frontend.js" in 0.591 seconds.[0m
notifying browser that file changed:  resources/public/js/compiled/out/goog/deps.js
notifying browser that file changed:  resources/public/js/compiled/out/cljs_deps.js
notifying browser that file changed:  resources/public/js/compiled/out/frontend/core.js
Compiling build :dev to "resources/public/js/compiled/frontend.js" from ["src"]...
[32mSuccessfully compiled build :dev to "resources/public/js/compiled/frontend.js" in 0.603 seconds.[0m
notifying browser that file changed:  resources/public/js/compiled/out/frontend/core.js
Compiling build :dev to "resources/public/js/compiled/frontend.js" from ["src"]...
[32mSuccessfully compiled build :dev to "resources/public/js/compiled/frontend.js" in 0.573 seconds.[0m
notifying browser that file changed:  resources/public/js/compiled/out/frontend/core.js
Compiling build :dev to "resources/public/js/compiled/frontend.js" from ["src"]...
[32mSuccessfully compiled build :dev to "resources/public/js/compiled/frontend.js" in 0.497 seconds.[0m
notifying browser that file changed:  resources/public/js/compiled/out/frontend/core.js
Compiling build :dev to "resources/public/js/compiled/frontend.js" from ["src"]...
[36m----  Compiler Warning on   src/frontend/core.cljs   line:19  column:28  ----[0m

  [1mUse of undeclared Var frontend.core/hello-world[0m

  [36m15[0m  [36m   [:h1 (:text @app-state)][0m
  [36m16[0m  [36m   [:div " 3 "][0m
  [36m17[0m  [36m   [:h3 "Edit this and watch it change!"]])[0m
  [36m18[0m  [36m[0m
  [33m19[0m  [1m(reagent/render-component [hello-world][0m
  [0m  [0m  [33m                           ^--- Use of undeclared Var frontend.core/hello-world[0m
  [36m20[0m  [36m (. js/document (getElementById "app")))[0m
  [36m21[0m  [36m[0m
  [36m22[0m  [36m(defn on-js-reload [][0m
  [36m23[0m  [36m  ;; optionally touch your app-state to force rerendering depending on[0m
  [36m24[0m  [36m  ;; your application[0m

[36m----  Compiler Warning : Please see src/frontend/core.cljs  ----[0m
[32mSuccessfully compiled build :dev to "resources/public/js/compiled/frontend.js" in 0.615 seconds.[0m
notifying browser that file changed:  resources/public/js/compiled/out/frontend/core.js
Notifying browser that CSS file changed: resources/public/css/style.css
Notifying browser that CSS file changed: resources/public/css/style.css
Compiling build :dev to "resources/public/js/compiled/frontend.js" from ["src"]...
[31mFailed to compile build :dev from ["src"] in 0.213 seconds.[0m
[36m----  Could not Analyze  src/frontend/cards.cljs  ----[0m

  [1mNo such namespace: re-frame.core, could not locate re_frame/core.cljs, re_frame/core.cljc, or JavaScript source providing "re-frame.core" (Please check that namespaces with dashes use underscores in the ClojureScript file name) [0m

[36m----  Analysis Error : Please see src/frontend/cards.cljs  ----[0m
Compiling build :dev to "resources/public/js/compiled/frontend.js" from ["src"]...
[31mFailed to compile build :dev from ["src"] in 0.225 seconds.[0m
[36m----  Could not Analyze  src/frontend/router.cljs  ----[0m

  [1mNo such namespace: bide.core, could not locate bide/core.cljs, bide/core.cljc, or JavaScript source providing "bide.core" [0m

[36m----  Analysis Error : Please see src/frontend/router.cljs  ----[0m
Compiling build :dev to "resources/public/js/compiled/frontend.js" from ["src"]...
[31mFailed to compile build :dev from ["src"] in 0.32 seconds.[0m
[36m----  Could not Analyze  src/frontend/router.cljs  ----[0m

  [1mNo such namespace: bide.core, could not locate bide/core.cljs, bide/core.cljc, or JavaScript source providing "bide.core" [0m

[36m----  Analysis Error : Please see src/frontend/router.cljs  ----[0m
Compiling build :dev to "resources/public/js/compiled/frontend.js" from ["src"]...
[31mFailed to compile build :dev from ["src"] in 0.29 seconds.[0m
[36m----  Could not Analyze  src/frontend/router.cljs  ----[0m

  [1mNo such namespace: bide.core, could not locate bide/core.cljs, bide/core.cljc, or JavaScript source providing "bide.core" [0m

[36m----  Analysis Error : Please see src/frontend/router.cljs  ----[0m
Compiling build :dev to "resources/public/js/compiled/frontend.js" from ["src"]...
[31mFailed to compile build :dev from ["src"] in 0.209 seconds.[0m
[36m----  Could not Analyze  src/frontend/router.cljs  ----[0m

  [1mNo such namespace: bide.core, could not locate bide/core.cljs, bide/core.cljc, or JavaScript source providing "bide.core" [0m

[36m----  Analysis Error : Please see src/frontend/router.cljs  ----[0m
Compiling build :dev to "resources/public/js/compiled/frontend.js" from ["src"]...
[31mFailed to compile build :dev from ["src"] in 0.21 seconds.[0m
[36m----  Could not Analyze  src/frontend/router.cljs  ----[0m

  [1mNo such namespace: bide.core, could not locate bide/core.cljs, bide/core.cljc, or JavaScript source providing "bide.core" [0m

[36m----  Analysis Error : Please see src/frontend/router.cljs  ----[0m
Compiling build :dev to "resources/public/js/compiled/frontend.js" from ["src"]...
[31mFailed to compile build :dev from ["src"] in 0.211 seconds.[0m
[36m----  Could not Analyze  src/frontend/router.cljs  ----[0m

  [1mNo such namespace: bide.core, could not locate bide/core.cljs, bide/core.cljc, or JavaScript source providing "bide.core" [0m

[36m----  Analysis Error : Please see src/frontend/router.cljs  ----[0m
Compiling build :dev to "resources/public/js/compiled/frontend.js" from ["src"]...
[31mFailed to compile build :dev from ["src"] in 0.211 seconds.[0m
[36m----  Could not Analyze  src/frontend/router.cljs  ----[0m

  [1mNo such namespace: bide.core, could not locate bide/core.cljs, bide/core.cljc, or JavaScript source providing "bide.core" [0m

[36m----  Analysis Error : Please see src/frontend/router.cljs  ----[0m
Compiling build :dev to "resources/public/js/compiled/frontend.js" from ["src"]...
[31mFailed to compile build :dev from ["src"] in 0.21 seconds.[0m
[36m----  Could not Analyze  src/frontend/router.cljs  ----[0m

  [1mNo such namespace: bide.core, could not locate bide/core.cljs, bide/core.cljc, or JavaScript source providing "bide.core" [0m

[36m----  Analysis Error : Please see src/frontend/router.cljs  ----[0m
Compiling build :dev to "resources/public/js/compiled/frontend.js" from ["src"]...
[31mFailed to compile build :dev from ["src"] in 0.287 seconds.[0m
[36m----  Could not Analyze  src/frontend/router.cljs  ----[0m

  [1mNo such namespace: bide.core, could not locate bide/core.cljs, bide/core.cljc, or JavaScript source providing "bide.core" [0m

[36m----  Analysis Error : Please see src/frontend/router.cljs  ----[0m
Compiling build :dev to "resources/public/js/compiled/frontend.js" from ["src"]...
[31mFailed to compile build :dev from ["src"] in 0.208 seconds.[0m
[36m----  Could not Analyze  src/frontend/router.cljs  ----[0m

  [1mNo such namespace: bide.core, could not locate bide/core.cljs, bide/core.cljc, or JavaScript source providing "bide.core" [0m

[36m----  Analysis Error : Please see src/frontend/router.cljs  ----[0m
Compiling build :dev to "resources/public/js/compiled/frontend.js" from ["src"]...
[31mFailed to compile build :dev from ["src"] in 0.182 seconds.[0m
[36m----  Could not Analyze  src/frontend/router.cljs  ----[0m

  [1mNo such namespace: bide.core, could not locate bide/core.cljs, bide/core.cljc, or JavaScript source providing "bide.core" [0m

[36m----  Analysis Error : Please see src/frontend/router.cljs  ----[0m
Compiling build :dev to "resources/public/js/compiled/frontend.js" from ["src"]...
[31mFailed to compile build :dev from ["src"] in 0.177 seconds.[0m
[36m----  Could not Analyze  src/frontend/router.cljs  ----[0m

  [1mNo such namespace: bide.core, could not locate bide/core.cljs, bide/core.cljc, or JavaScript source providing "bide.core" [0m

[36m----  Analysis Error : Please see src/frontend/router.cljs  ----[0m
Compiling build :dev to "resources/public/js/compiled/frontend.js" from ["src"]...
[31mFailed to compile build :dev from ["src"] in 0.176 seconds.[0m
[36m----  Could not Analyze  src/frontend/router.cljs  ----[0m

  [1mNo such namespace: bide.core, could not locate bide/core.cljs, bide/core.cljc, or JavaScript source providing "bide.core" [0m

[36m----  Analysis Error : Please see src/frontend/router.cljs  ----[0m
Compiling build :dev to "resources/public/js/compiled/frontend.js" from ["src"]...
[31mFailed to compile build :dev from ["src"] in 0.175 seconds.[0m
[36m----  Could not Analyze  src/frontend/router.cljs  ----[0m

  [1mNo such namespace: bide.core, could not locate bide/core.cljs, bide/core.cljc, or JavaScript source providing "bide.core" [0m

[36m----  Analysis Error : Please see src/frontend/router.cljs  ----[0m
Compiling build :dev to "resources/public/js/compiled/frontend.js" from ["src"]...
[31mFailed to compile build :dev from ["src"] in 0.175 seconds.[0m
[36m----  Could not Analyze  src/frontend/router.cljs  ----[0m

  [1mNo such namespace: bide.core, could not locate bide/core.cljs, bide/core.cljc, or JavaScript source providing "bide.core" [0m

[36m----  Analysis Error : Please see src/frontend/router.cljs  ----[0m
